        -:    0:Source:tcas.c
        -:    0:Graph:tcas.gcno
        -:    0:Data:tcas.gcda
        -:    0:Runs:5
        -:    0:Programs:1
        -:    1:#include <stdio.h>
        -:    2:
        -:    3:#define OLEV       600		/* in feets/minute */
        -:    4:#define MAXALTDIFF 600		/* max altitude difference in feet */
        -:    5:#define MINSEP     300          /* min separation in feet */
        -:    6:#define NOZCROSS   100		/* in feet */
        -:    7:				/* variables */
        -:    8:
        -:    9:typedef int bool;
        -:   10:
        -:   11:int Cur_Vertical_Sep;
        -:   12:bool High_Confidence;
        -:   13:bool Two_of_Three_Reports_Valid;
        -:   14:
        -:   15:int Own_Tracked_Alt;
        -:   16:int Own_Tracked_Alt_Rate;
        -:   17:int Other_Tracked_Alt;
        -:   18:
        -:   19:int Alt_Layer_Value;		/* 0, 1, 2, 3 */
        -:   20:int Positive_RA_Alt_Thresh[4];
        -:   21:
        -:   22:int Up_Separation;
        -:   23:int Down_Separation;
        -:   24:
        -:   25:				/* state variables */
        -:   26:int Other_RAC;			/* NO_INTENT, DO_NOT_CLIMB, DO_NOT_DESCEND */
        -:   27:#define NO_INTENT 0
        -:   28:#define DO_NOT_CLIMB 1
        -:   29:#define DO_NOT_DESCEND 2
        -:   30:
        -:   31:int Other_Capability;		/* TCAS_TA, OTHER */
        -:   32:#define TCAS_TA 1
        -:   33:#define OTHER 2
        -:   34:
        -:   35:int Climb_Inhibit;		/* true/false */
        -:   36:
        -:   37:#define UNRESOLVED 0
        -:   38:#define UPWARD_RA 1
        -:   39:#define DOWNWARD_RA 2
        -:   40:
function initialize called 5 returned 100% blocks executed 100%
        -:   41:void initialize()
        -:   42:{
       10:   43:    Positive_RA_Alt_Thresh[0] = 400;
        5:   44:    Positive_RA_Alt_Thresh[1] = 500;
        5:   45:    Positive_RA_Alt_Thresh[2] = 640;
        5:   46:    Positive_RA_Alt_Thresh[3] = 740;
        5:   47:}
        -:   48:
function ALIM called 8 returned 100% blocks executed 100%
        -:   49:int ALIM ()
        -:   50:{
       16:   51: return Positive_RA_Alt_Thresh[Alt_Layer_Value];
        -:   52:}
        -:   53:
function Inhibit_Biased_Climb called 10 returned 100% blocks executed 100%
        -:   54:int Inhibit_Biased_Climb ()
        -:   55:{
       40:   56:    return (Climb_Inhibit ? Up_Separation + NOZCROSS : Up_Separation);
branch  0 taken 80%
branch  1 taken 20%
        -:   57:}
        -:   58:
function Non_Crossing_Biased_Climb called 5 returned 100% blocks executed 66%
        -:   59:bool Non_Crossing_Biased_Climb()
        -:   60:{
        -:   61:    int upward_preferred;
        -:   62:    int upward_crossing_situation;
        -:   63:    bool result;
        -:   64:
       10:   65:    upward_preferred = Inhibit_Biased_Climb() > Down_Separation;
        5:   66:    if (upward_preferred)
branch  0 taken 100%
branch  1 taken 0%
        -:   67:    {
       22:   68:	result = !(Own_Below_Threat()) || ((Own_Below_Threat()) && (!(Down_Separation >= ALIM())));
branch  0 taken 80%
branch  1 taken 20%
branch  2 taken 100%
branch  3 taken 0%
        5:   69:    }
        -:   70:    else
        -:   71:    {	
    #####:   72:	result = Own_Above_Threat() && (Cur_Vertical_Sep >= MINSEP) && (Up_Separation >= ALIM());
branch  0 never executed
branch  1 never executed
branch  2 never executed
branch  3 never executed
        -:   73:    }
        5:   74:    return result;
        -:   75:}
        -:   76:
function Non_Crossing_Biased_Descend called 5 returned 100% blocks executed 58%
        -:   77:bool Non_Crossing_Biased_Descend()
        -:   78:{
        -:   79:    int upward_preferred;
        -:   80:    int upward_crossing_situation;
        -:   81:    bool result;
        -:   82:
       10:   83:    upward_preferred = Inhibit_Biased_Climb() > Down_Separation;
        5:   84:    if (upward_preferred)
branch  0 taken 100%
branch  1 taken 0%
        -:   85:    {
       18:   86:	result = Own_Below_Threat() && (Cur_Vertical_Sep >= MINSEP) && (Down_Separation >= ALIM());
branch  0 taken 80%
branch  1 taken 20%
branch  2 taken 100%
branch  3 taken 0%
        5:   87:    }
        -:   88:    else
        -:   89:    {
    #####:   90:	result = !(Own_Above_Threat()) || ((Own_Above_Threat()) && (Up_Separation >= ALIM()));
branch  0 never executed
branch  1 never executed
branch  2 never executed
branch  3 never executed
        -:   91:    }
        5:   92:    return result;
        -:   93:}
        -:   94:
function Own_Below_Threat called 15 returned 100% blocks executed 100%
        -:   95:bool Own_Below_Threat()
        -:   96:{
       30:   97:    return (Own_Tracked_Alt < Other_Tracked_Alt);
        -:   98:}
        -:   99:
function Own_Above_Threat called 4 returned 100% blocks executed 100%
        -:  100:bool Own_Above_Threat()
        -:  101:{
        8:  102:    return (Other_Tracked_Alt < Own_Tracked_Alt);
        -:  103:}
        -:  104:
function alt_sep_test called 5 returned 100% blocks executed 80%
        -:  105:int alt_sep_test()
        -:  106:{
        -:  107:    bool enabled, tcas_equipped, intent_not_known;
        -:  108:    bool need_upward_RA, need_downward_RA;
        -:  109:    int alt_sep;
        -:  110:
       25:  111:    enabled = High_Confidence && (Own_Tracked_Alt_Rate <= OLEV) && (Cur_Vertical_Sep > MAXALTDIFF);
branch  0 taken 100%
branch  1 taken 0%
branch  2 taken 100%
branch  3 taken 0%
        5:  112:    tcas_equipped = Other_Capability == TCAS_TA;
       12:  113:    intent_not_known = Two_of_Three_Reports_Valid && Other_RAC == NO_INTENT;
branch  0 taken 40%
branch  1 taken 60%
        -:  114:    
        5:  115:    alt_sep = UNRESOLVED;
        -:  116:    
       15:  117:    if (enabled && ((tcas_equipped && intent_not_known) || !tcas_equipped))
branch  0 taken 100%
branch  1 taken 0%
branch  2 taken 0%
branch  3 taken 100%
branch  4 never executed
branch  5 never executed
branch  6 taken 100%
branch  7 taken 0%
        -:  118:    {
       11:  119:	need_upward_RA = Non_Crossing_Biased_Climb() && Own_Below_Threat();
branch  0 taken 20%
branch  1 taken 80%
       14:  120:	need_downward_RA = Non_Crossing_Biased_Descend() && Own_Above_Threat();
branch  0 taken 80%
branch  1 taken 20%
        5:  121:	if (need_upward_RA && need_downward_RA)
branch  0 taken 0%
branch  1 taken 100%
branch  2 never executed
branch  3 never executed
        -:  122:        /* unreachable: requires Own_Below_Threat and Own_Above_Threat
        -:  123:           to both be true - that requires Own_Tracked_Alt < Other_Tracked_Alt
        -:  124:           and Other_Tracked_Alt < Own_Tracked_Alt, which isn't possible */
    #####:  125:	    alt_sep = UNRESOLVED;
        5:  126:	else if (need_upward_RA)
branch  0 taken 0%
branch  1 taken 100%
    #####:  127:	    alt_sep = UPWARD_RA;
        5:  128:	else if (need_downward_RA)
branch  0 taken 0%
branch  1 taken 100%
    #####:  129:	    alt_sep = DOWNWARD_RA;
        -:  130:	else
        5:  131:	    alt_sep = UNRESOLVED;
        5:  132:    }
        -:  133:    
        5:  134:    return alt_sep;
        -:  135:}
        -:  136:
function main called 5 returned 0% blocks executed 40%
        -:  137:main(argc, argv)
        -:  138:int argc;
        -:  139:char *argv[];
        -:  140:{
        5:  141:    if(argc < 13)
branch  0 taken 0%
branch  1 taken 100%
        -:  142:    {
    #####:  143:	fprintf(stdout, "Error: Command line arguments are\n");
    #####:  144:	fprintf(stdout, "Cur_Vertical_Sep, High_Confidence, Two_of_Three_Reports_Valid\n");
    #####:  145:	fprintf(stdout, "Own_Tracked_Alt, Own_Tracked_Alt_Rate, Other_Tracked_Alt\n");
    #####:  146:	fprintf(stdout, "Alt_Layer_Value, Up_Separation, Down_Separation\n");
    #####:  147:	fprintf(stdout, "Other_RAC, Other_Capability, Climb_Inhibit\n");
    #####:  148:	exit(1);
        -:  149:    }
        5:  150:    initialize();
        5:  151:    Cur_Vertical_Sep = atoi(argv[1]);
        5:  152:    High_Confidence = atoi(argv[2]);
        5:  153:    Two_of_Three_Reports_Valid = atoi(argv[3]);
        5:  154:    Own_Tracked_Alt = atoi(argv[4]);
        5:  155:    Own_Tracked_Alt_Rate = atoi(argv[5]);
        5:  156:    Other_Tracked_Alt = atoi(argv[6]);
        5:  157:    Alt_Layer_Value = atoi(argv[7]);
        5:  158:    Up_Separation = atoi(argv[8]);
        5:  159:    Down_Separation = atoi(argv[9]);
        5:  160:    Other_RAC = atoi(argv[10]);
        5:  161:    Other_Capability = atoi(argv[11]);
        5:  162:    Climb_Inhibit = atoi(argv[12]);
        -:  163:
        5:  164:    fprintf(stdout, "%d\n", alt_sep_test());
        5:  165:    exit(0);
    #####:  166:}
        -:  167:
